[2021-04-25 18:19:17]	[py]	[exception]	[select name from banner where path=index]EOR
[2021-04-25 18:25:35]	[py]	[exception]	[2021-04-25 18:25:35:	SQLSTATE[42S02]: Base table or view not found: 1146 Table 'dream.jobgroup' doesn't exist, query was: select t1.*,t2.name as jobplace from joinus t1 left join jobgroup t2 on t1.place = t2.id	D:\php\PEAR\Zend\Db\Statement\Pdo.php on line 235	#0 D:\php\PEAR\Zend\Db\Statement.php(303): Zend_Db_Statement_Pdo->_execute(Array)
#1 D:\php\PEAR\Zend\Db\Adapter\Abstract.php(480): Zend_Db_Statement->execute(Array)
#2 D:\php\PEAR\Zend\Db\Adapter\Pdo\Abstract.php(238): Zend_Db_Adapter_Abstract->query('select t1.*,t2....', Array)
#3 D:\php\PEAR\Zend\Db\Adapter\Abstract.php(737): Zend_Db_Adapter_Pdo_Abstract->query('select t1.*,t2....', Array)
#4 D:\web\dream\php\application\models\Admin.php(64): Zend_Db_Adapter_Abstract->fetchAll('select t1.*,t2....')
#5 D:\web\dream\php\application\controllers\AdminController.php(132): Admin->joinList()
#6 D:\php\PEAR\Zend\Controller\Action.php(503): AdminController->joinlistAction()
#7 D:\php\PEAR\Zend\Controller\Dispatcher\Standard.php(308): Zend_Controller_Action->dispatch('joinlistAction')
#8 D:\php\PEAR\Zend\Controller\Front.php(954): Zend_Controller_Dispatcher_Standard->dispatch(Object(Zend_Controller_Request_Http), Object(Zend_Controller_Response_Http))
#9 D:\web\dream\php\htdocs\index.php(58): Zend_Controller_Front->dispatch()
#10 {main}	]EOR
[2021-04-25 18:35:40]	[py]	[exception]	[2021-04-25 18:35:40:	SQLSTATE[42S02]: Base table or view not found: 1146 Table 'dream.jobgroup' doesn't exist, query was: select t1.*,t2.name as jobplace from joinus t1 left join jobgroup t2 on t1.place = t2.id	D:\php\PEAR\Zend\Db\Statement\Pdo.php on line 235	#0 D:\php\PEAR\Zend\Db\Statement.php(303): Zend_Db_Statement_Pdo->_execute(Array)
#1 D:\php\PEAR\Zend\Db\Adapter\Abstract.php(480): Zend_Db_Statement->execute(Array)
#2 D:\php\PEAR\Zend\Db\Adapter\Pdo\Abstract.php(238): Zend_Db_Adapter_Abstract->query('select t1.*,t2....', Array)
#3 D:\php\PEAR\Zend\Db\Adapter\Abstract.php(737): Zend_Db_Adapter_Pdo_Abstract->query('select t1.*,t2....', Array)
#4 D:\web\dream\php\application\models\Admin.php(64): Zend_Db_Adapter_Abstract->fetchAll('select t1.*,t2....')
#5 D:\web\dream\php\application\controllers\AdminController.php(132): Admin->joinList()
#6 D:\php\PEAR\Zend\Controller\Action.php(503): AdminController->joinlistAction()
#7 D:\php\PEAR\Zend\Controller\Dispatcher\Standard.php(308): Zend_Controller_Action->dispatch('joinlistAction')
#8 D:\php\PEAR\Zend\Controller\Front.php(954): Zend_Controller_Dispatcher_Standard->dispatch(Object(Zend_Controller_Request_Http), Object(Zend_Controller_Response_Http))
#9 D:\web\dream\php\htdocs\index.php(58): Zend_Controller_Front->dispatch()
#10 {main}	]EOR
[2021-04-25 18:42:53]	[py]	[exception]	[2021-04-25 18:42:53:	SQLSTATE[42S02]: Base table or view not found: 1146 Table 'dream.jobgroup' doesn't exist, query was: select t1.*,t2.name as jobplace from joinus t1 left join jobgroup t2 on t1.place = t2.id	D:\php\PEAR\Zend\Db\Statement\Pdo.php on line 235	#0 D:\php\PEAR\Zend\Db\Statement.php(303): Zend_Db_Statement_Pdo->_execute(Array)
#1 D:\php\PEAR\Zend\Db\Adapter\Abstract.php(480): Zend_Db_Statement->execute(Array)
#2 D:\php\PEAR\Zend\Db\Adapter\Pdo\Abstract.php(238): Zend_Db_Adapter_Abstract->query('select t1.*,t2....', Array)
#3 D:\php\PEAR\Zend\Db\Adapter\Abstract.php(737): Zend_Db_Adapter_Pdo_Abstract->query('select t1.*,t2....', Array)
#4 D:\web\dream\php\application\models\Admin.php(64): Zend_Db_Adapter_Abstract->fetchAll('select t1.*,t2....')
#5 D:\web\dream\php\application\controllers\AdminController.php(132): Admin->joinList()
#6 D:\php\PEAR\Zend\Controller\Action.php(503): AdminController->joinlistAction()
#7 D:\php\PEAR\Zend\Controller\Dispatcher\Standard.php(308): Zend_Controller_Action->dispatch('joinlistAction')
#8 D:\php\PEAR\Zend\Controller\Front.php(954): Zend_Controller_Dispatcher_Standard->dispatch(Object(Zend_Controller_Request_Http), Object(Zend_Controller_Response_Http))
#9 D:\web\dream\php\htdocs\index.php(58): Zend_Controller_Front->dispatch()
#10 {main}	]EOR
[2021-04-25 18:45:18]	[py]	[exception]	[2021-04-25 18:45:18:	SQLSTATE[42S02]: Base table or view not found: 1146 Table 'dream.jobgroup' doesn't exist, query was: select t1.*,t2.name as jobplace from joinus t1 left join jobgroup t2 on t1.place = t2.id	D:\php\PEAR\Zend\Db\Statement\Pdo.php on line 235	#0 D:\php\PEAR\Zend\Db\Statement.php(303): Zend_Db_Statement_Pdo->_execute(Array)
#1 D:\php\PEAR\Zend\Db\Adapter\Abstract.php(480): Zend_Db_Statement->execute(Array)
#2 D:\php\PEAR\Zend\Db\Adapter\Pdo\Abstract.php(238): Zend_Db_Adapter_Abstract->query('select t1.*,t2....', Array)
#3 D:\php\PEAR\Zend\Db\Adapter\Abstract.php(737): Zend_Db_Adapter_Pdo_Abstract->query('select t1.*,t2....', Array)
#4 D:\web\dream\php\application\models\Admin.php(64): Zend_Db_Adapter_Abstract->fetchAll('select t1.*,t2....')
#5 D:\web\dream\php\application\controllers\AdminController.php(132): Admin->joinList()
#6 D:\php\PEAR\Zend\Controller\Action.php(503): AdminController->joinlistAction()
#7 D:\php\PEAR\Zend\Controller\Dispatcher\Standard.php(308): Zend_Controller_Action->dispatch('joinlistAction')
#8 D:\php\PEAR\Zend\Controller\Front.php(954): Zend_Controller_Dispatcher_Standard->dispatch(Object(Zend_Controller_Request_Http), Object(Zend_Controller_Response_Http))
#9 D:\web\dream\php\htdocs\index.php(58): Zend_Controller_Front->dispatch()
#10 {main}	]EOR
[2021-04-25 18:45:26]	[py]	[exception]	[2021-04-25 18:45:26:	SQLSTATE[42S02]: Base table or view not found: 1146 Table 'dream.jobgroup' doesn't exist, query was: select t1.*,t2.name as jobplace from joinus t1 left join jobgroup t2 on t1.place = t2.id	D:\php\PEAR\Zend\Db\Statement\Pdo.php on line 235	#0 D:\php\PEAR\Zend\Db\Statement.php(303): Zend_Db_Statement_Pdo->_execute(Array)
#1 D:\php\PEAR\Zend\Db\Adapter\Abstract.php(480): Zend_Db_Statement->execute(Array)
#2 D:\php\PEAR\Zend\Db\Adapter\Pdo\Abstract.php(238): Zend_Db_Adapter_Abstract->query('select t1.*,t2....', Array)
#3 D:\php\PEAR\Zend\Db\Adapter\Abstract.php(737): Zend_Db_Adapter_Pdo_Abstract->query('select t1.*,t2....', Array)
#4 D:\web\dream\php\application\models\Admin.php(64): Zend_Db_Adapter_Abstract->fetchAll('select t1.*,t2....')
#5 D:\web\dream\php\application\controllers\AdminController.php(132): Admin->joinList()
#6 D:\php\PEAR\Zend\Controller\Action.php(503): AdminController->joinlistAction()
#7 D:\php\PEAR\Zend\Controller\Dispatcher\Standard.php(308): Zend_Controller_Action->dispatch('joinlistAction')
#8 D:\php\PEAR\Zend\Controller\Front.php(954): Zend_Controller_Dispatcher_Standard->dispatch(Object(Zend_Controller_Request_Http), Object(Zend_Controller_Response_Http))
#9 D:\web\dream\php\htdocs\index.php(58): Zend_Controller_Front->dispatch()
#10 {main}	]EOR
[2021-04-25 18:47:19]	[py]	[exception]	[2021-04-25 18:47:19:	SQLSTATE[42S02]: Base table or view not found: 1146 Table 'dream.jobgroup' doesn't exist, query was: select t1.*,t2.name as jobplace from joinus t1 left join jobgroup t2 on t1.place = t2.id	D:\php\PEAR\Zend\Db\Statement\Pdo.php on line 235	#0 D:\php\PEAR\Zend\Db\Statement.php(303): Zend_Db_Statement_Pdo->_execute(Array)
#1 D:\php\PEAR\Zend\Db\Adapter\Abstract.php(480): Zend_Db_Statement->execute(Array)
#2 D:\php\PEAR\Zend\Db\Adapter\Pdo\Abstract.php(238): Zend_Db_Adapter_Abstract->query('select t1.*,t2....', Array)
#3 D:\php\PEAR\Zend\Db\Adapter\Abstract.php(737): Zend_Db_Adapter_Pdo_Abstract->query('select t1.*,t2....', Array)
#4 D:\web\dream\php\application\models\Admin.php(64): Zend_Db_Adapter_Abstract->fetchAll('select t1.*,t2....')
#5 D:\web\dream\php\application\controllers\AdminController.php(132): Admin->joinList()
#6 D:\php\PEAR\Zend\Controller\Action.php(503): AdminController->joinlistAction()
#7 D:\php\PEAR\Zend\Controller\Dispatcher\Standard.php(308): Zend_Controller_Action->dispatch('joinlistAction')
#8 D:\php\PEAR\Zend\Controller\Front.php(954): Zend_Controller_Dispatcher_Standard->dispatch(Object(Zend_Controller_Request_Http), Object(Zend_Controller_Response_Http))
#9 D:\web\dream\php\htdocs\index.php(58): Zend_Controller_Front->dispatch()
#10 {main}	]EOR
[2021-04-25 18:51:22]	[py]	[exception]	[2021-04-25 18:51:22:	SQLSTATE[42S02]: Base table or view not found: 1146 Table 'dream.jobgroup' doesn't exist, query was: select t1.*,t2.name as jobplace from joinus t1 left join jobgroup t2 on t1.place = t2.id	D:\php\PEAR\Zend\Db\Statement\Pdo.php on line 235	#0 D:\php\PEAR\Zend\Db\Statement.php(303): Zend_Db_Statement_Pdo->_execute(Array)
#1 D:\php\PEAR\Zend\Db\Adapter\Abstract.php(480): Zend_Db_Statement->execute(Array)
#2 D:\php\PEAR\Zend\Db\Adapter\Pdo\Abstract.php(238): Zend_Db_Adapter_Abstract->query('select t1.*,t2....', Array)
#3 D:\php\PEAR\Zend\Db\Adapter\Abstract.php(737): Zend_Db_Adapter_Pdo_Abstract->query('select t1.*,t2....', Array)
#4 D:\web\dream\php\application\models\Admin.php(64): Zend_Db_Adapter_Abstract->fetchAll('select t1.*,t2....')
#5 D:\web\dream\php\application\controllers\AdminController.php(132): Admin->joinList()
#6 D:\php\PEAR\Zend\Controller\Action.php(503): AdminController->joinlistAction()
#7 D:\php\PEAR\Zend\Controller\Dispatcher\Standard.php(308): Zend_Controller_Action->dispatch('joinlistAction')
#8 D:\php\PEAR\Zend\Controller\Front.php(954): Zend_Controller_Dispatcher_Standard->dispatch(Object(Zend_Controller_Request_Http), Object(Zend_Controller_Response_Http))
#9 D:\web\dream\php\htdocs\index.php(58): Zend_Controller_Front->dispatch()
#10 {main}	]EOR
[2021-04-25 18:52:33]	[py]	[exception]	[2021-04-25 18:52:33:	SQLSTATE[42S02]: Base table or view not found: 1146 Table 'dream.jobgroup' doesn't exist, query was: select t1.*,t2.name as jobplace from joinus t1 left join jobgroup t2 on t1.place = t2.id	D:\php\PEAR\Zend\Db\Statement\Pdo.php on line 235	#0 D:\php\PEAR\Zend\Db\Statement.php(303): Zend_Db_Statement_Pdo->_execute(Array)
#1 D:\php\PEAR\Zend\Db\Adapter\Abstract.php(480): Zend_Db_Statement->execute(Array)
#2 D:\php\PEAR\Zend\Db\Adapter\Pdo\Abstract.php(238): Zend_Db_Adapter_Abstract->query('select t1.*,t2....', Array)
#3 D:\php\PEAR\Zend\Db\Adapter\Abstract.php(737): Zend_Db_Adapter_Pdo_Abstract->query('select t1.*,t2....', Array)
#4 D:\web\dream\php\application\models\Admin.php(64): Zend_Db_Adapter_Abstract->fetchAll('select t1.*,t2....')
#5 D:\web\dream\php\application\controllers\AdminController.php(132): Admin->joinList()
#6 D:\php\PEAR\Zend\Controller\Action.php(503): AdminController->joinlistAction()
#7 D:\php\PEAR\Zend\Controller\Dispatcher\Standard.php(308): Zend_Controller_Action->dispatch('joinlistAction')
#8 D:\php\PEAR\Zend\Controller\Front.php(954): Zend_Controller_Dispatcher_Standard->dispatch(Object(Zend_Controller_Request_Http), Object(Zend_Controller_Response_Http))
#9 D:\web\dream\php\htdocs\index.php(58): Zend_Controller_Front->dispatch()
#10 {main}	]EOR
[2021-04-25 18:53:17]	[py]	[exception]	[2021-04-25 18:53:17:	SQLSTATE[42S02]: Base table or view not found: 1146 Table 'dream.jobgroup' doesn't exist, query was: select t1.*,t2.name as jobplace from joinus t1 left join jobgroup t2 on t1.place = t2.id	D:\php\PEAR\Zend\Db\Statement\Pdo.php on line 235	#0 D:\php\PEAR\Zend\Db\Statement.php(303): Zend_Db_Statement_Pdo->_execute(Array)
#1 D:\php\PEAR\Zend\Db\Adapter\Abstract.php(480): Zend_Db_Statement->execute(Array)
#2 D:\php\PEAR\Zend\Db\Adapter\Pdo\Abstract.php(238): Zend_Db_Adapter_Abstract->query('select t1.*,t2....', Array)
#3 D:\php\PEAR\Zend\Db\Adapter\Abstract.php(737): Zend_Db_Adapter_Pdo_Abstract->query('select t1.*,t2....', Array)
#4 D:\web\dream\php\application\models\Admin.php(64): Zend_Db_Adapter_Abstract->fetchAll('select t1.*,t2....')
#5 D:\web\dream\php\application\controllers\AdminController.php(132): Admin->joinList()
#6 D:\php\PEAR\Zend\Controller\Action.php(503): AdminController->joinlistAction()
#7 D:\php\PEAR\Zend\Controller\Dispatcher\Standard.php(308): Zend_Controller_Action->dispatch('joinlistAction')
#8 D:\php\PEAR\Zend\Controller\Front.php(954): Zend_Controller_Dispatcher_Standard->dispatch(Object(Zend_Controller_Request_Http), Object(Zend_Controller_Response_Http))
#9 D:\web\dream\php\htdocs\index.php(58): Zend_Controller_Front->dispatch()
#10 {main}	]EOR
[2021-04-25 18:54:04]	[py]	[exception]	[2021-04-25 18:54:04:	SQLSTATE[42S02]: Base table or view not found: 1146 Table 'dream.jobgroup' doesn't exist, query was: select t1.*,t2.name as jobplace from joinus t1 left join jobgroup t2 on t1.place = t2.id	D:\php\PEAR\Zend\Db\Statement\Pdo.php on line 235	#0 D:\php\PEAR\Zend\Db\Statement.php(303): Zend_Db_Statement_Pdo->_execute(Array)
#1 D:\php\PEAR\Zend\Db\Adapter\Abstract.php(480): Zend_Db_Statement->execute(Array)
#2 D:\php\PEAR\Zend\Db\Adapter\Pdo\Abstract.php(238): Zend_Db_Adapter_Abstract->query('select t1.*,t2....', Array)
#3 D:\php\PEAR\Zend\Db\Adapter\Abstract.php(737): Zend_Db_Adapter_Pdo_Abstract->query('select t1.*,t2....', Array)
#4 D:\web\dream\php\application\models\Admin.php(64): Zend_Db_Adapter_Abstract->fetchAll('select t1.*,t2....')
#5 D:\web\dream\php\application\controllers\AdminController.php(132): Admin->joinList()
#6 D:\php\PEAR\Zend\Controller\Action.php(503): AdminController->joinlistAction()
#7 D:\php\PEAR\Zend\Controller\Dispatcher\Standard.php(308): Zend_Controller_Action->dispatch('joinlistAction')
#8 D:\php\PEAR\Zend\Controller\Front.php(954): Zend_Controller_Dispatcher_Standard->dispatch(Object(Zend_Controller_Request_Http), Object(Zend_Controller_Response_Http))
#9 D:\web\dream\php\htdocs\index.php(58): Zend_Controller_Front->dispatch()
#10 {main}	]EOR
[2021-04-25 18:54:14]	[py]	[exception]	[2021-04-25 18:54:14:	SQLSTATE[42S02]: Base table or view not found: 1146 Table 'dream.jobgroup' doesn't exist, query was: select t1.*,t2.name as jobplace from joinus t1 left join jobgroup t2 on t1.place = t2.id	D:\php\PEAR\Zend\Db\Statement\Pdo.php on line 235	#0 D:\php\PEAR\Zend\Db\Statement.php(303): Zend_Db_Statement_Pdo->_execute(Array)
#1 D:\php\PEAR\Zend\Db\Adapter\Abstract.php(480): Zend_Db_Statement->execute(Array)
#2 D:\php\PEAR\Zend\Db\Adapter\Pdo\Abstract.php(238): Zend_Db_Adapter_Abstract->query('select t1.*,t2....', Array)
#3 D:\php\PEAR\Zend\Db\Adapter\Abstract.php(737): Zend_Db_Adapter_Pdo_Abstract->query('select t1.*,t2....', Array)
#4 D:\web\dream\php\application\models\Admin.php(64): Zend_Db_Adapter_Abstract->fetchAll('select t1.*,t2....')
#5 D:\web\dream\php\application\controllers\AdminController.php(132): Admin->joinList()
#6 D:\php\PEAR\Zend\Controller\Action.php(503): AdminController->joinlistAction()
#7 D:\php\PEAR\Zend\Controller\Dispatcher\Standard.php(308): Zend_Controller_Action->dispatch('joinlistAction')
#8 D:\php\PEAR\Zend\Controller\Front.php(954): Zend_Controller_Dispatcher_Standard->dispatch(Object(Zend_Controller_Request_Http), Object(Zend_Controller_Response_Http))
#9 D:\web\dream\php\htdocs\index.php(58): Zend_Controller_Front->dispatch()
#10 {main}	]EOR
[2021-04-25 18:54:25]	[py]	[exception]	[2021-04-25 18:54:25:	SQLSTATE[42S02]: Base table or view not found: 1146 Table 'dream.jobgroup' doesn't exist, query was: select t1.*,t2.name as jobplace from joinus t1 left join jobgroup t2 on t1.place = t2.id	D:\php\PEAR\Zend\Db\Statement\Pdo.php on line 235	#0 D:\php\PEAR\Zend\Db\Statement.php(303): Zend_Db_Statement_Pdo->_execute(Array)
#1 D:\php\PEAR\Zend\Db\Adapter\Abstract.php(480): Zend_Db_Statement->execute(Array)
#2 D:\php\PEAR\Zend\Db\Adapter\Pdo\Abstract.php(238): Zend_Db_Adapter_Abstract->query('select t1.*,t2....', Array)
#3 D:\php\PEAR\Zend\Db\Adapter\Abstract.php(737): Zend_Db_Adapter_Pdo_Abstract->query('select t1.*,t2....', Array)
#4 D:\web\dream\php\application\models\Admin.php(64): Zend_Db_Adapter_Abstract->fetchAll('select t1.*,t2....')
#5 D:\web\dream\php\application\controllers\AdminController.php(132): Admin->joinList()
#6 D:\php\PEAR\Zend\Controller\Action.php(503): AdminController->joinlistAction()
#7 D:\php\PEAR\Zend\Controller\Dispatcher\Standard.php(308): Zend_Controller_Action->dispatch('joinlistAction')
#8 D:\php\PEAR\Zend\Controller\Front.php(954): Zend_Controller_Dispatcher_Standard->dispatch(Object(Zend_Controller_Request_Http), Object(Zend_Controller_Response_Http))
#9 D:\web\dream\php\htdocs\index.php(58): Zend_Controller_Front->dispatch()
#10 {main}	]EOR
[2021-04-25 21:07:41]	[py]	[exception]	[2021-04-25 21:07:41:	上传位置出错D:\web\dream\php/htdocs/imgs/article/	D:\web\dream\php\application\models\Admin.php on line 88	#0 D:\web\dream\php\application\controllers\AdminController.php(121): Admin->upfile('6085699d77a6b', 'D:\\web\\dream\\ph...')
#1 D:\php\PEAR\Zend\Controller\Action.php(503): AdminController->uploadfileAction()
#2 D:\php\PEAR\Zend\Controller\Dispatcher\Standard.php(308): Zend_Controller_Action->dispatch('uploadfileActio...')
#3 D:\php\PEAR\Zend\Controller\Front.php(954): Zend_Controller_Dispatcher_Standard->dispatch(Object(Zend_Controller_Request_Http), Object(Zend_Controller_Response_Http))
#4 D:\web\dream\php\htdocs\index.php(58): Zend_Controller_Front->dispatch()
#5 {main}	]EOR
[2021-04-25 21:10:19]	[py]	[exception]	[2021-04-25 21:10:19:	上传位置出错D:\web\dream\php/htdocs/imgs/article/	D:\web\dream\php\application\models\Admin.php on line 88	#0 D:\web\dream\php\application\controllers\AdminController.php(121): Admin->upfile('60856a3b195ad', 'D:\\web\\dream\\ph...')
#1 D:\php\PEAR\Zend\Controller\Action.php(503): AdminController->uploadfileAction()
#2 D:\php\PEAR\Zend\Controller\Dispatcher\Standard.php(308): Zend_Controller_Action->dispatch('uploadfileActio...')
#3 D:\php\PEAR\Zend\Controller\Front.php(954): Zend_Controller_Dispatcher_Standard->dispatch(Object(Zend_Controller_Request_Http), Object(Zend_Controller_Response_Http))
#4 D:\web\dream\php\htdocs\index.php(58): Zend_Controller_Front->dispatch()
#5 {main}	]EOR
